<?xml version="1.0" encoding="UTF-8"?>
<!-- Generated by org.testng.reporters.JUnitXMLReporter -->
<testsuite hostname="Jayarees-MacBook-Pro.local" ignored="0" name="Chrome" tests="16" failures="7" timestamp="13 Aug 2019 12:19:39 GMT" time="312.492" errors="0">
  <testcase name="i_am_not_a_user_of_agate_on_Scifi_and_I_open_a_browser" time="1.549" classname="Stepdef.Scifi_Register"/>
  <testcase name="i_navigate_to_a_premium_article_on_Scifi" time="11.74" classname="Stepdef.Scifi_Register"/>
  <testcase name="i_click_on_the_create_wallet_button_on_scifi" time="19.109" classname="Stepdef.Scifi_Register"/>
  <testcase name="i_verify_that_the_create_wallet_button_takes_me_to_the_reg_page_on_scifi" time="12.035" classname="Stepdef.Scifi_Register"/>
  <testcase name="i_enter_all_the_details_successfully_on_reg_page_on_scifi" time="47.288" classname="Stepdef.Scifi_Register"/>
  <testcase name="i_am_registered_as_an_agate_user_on_scifi_successfully_and_I_am_shown_a_first_use_notice" time="50.038" classname="Stepdef.Scifi_Register">
    <failure type="java.lang.AssertionError" message="expected:&amp;lt;0.25&amp;gt; but was:&amp;lt;0.0&amp;gt;">
      <![CDATA[java.lang.AssertionError: expected:<0.25> but was:<0.0>
at Stepdef.Scifi_Register.i_am_registered_as_an_agate_user_on_scifi_successfully_and_I_am_shown_a_first_use_notice(Scifi_Register.java:239)
... Removed 29 stack frames]]>
    </failure>
  </testcase> <!-- i_am_registered_as_an_agate_user_on_scifi_successfully_and_I_am_shown_a_first_use_notice -->
  <testcase name="i_am_a_registered_Agate_User_and_I_login_in_to_scifi" time="48.618" classname="Stepdef.Scifi_Transaction$scifi_Transaction"/>
  <testcase name="i_read_a_premium_article_on_scifi" time="12.497" classname="Stepdef.Scifi_Transaction$scifi_Transaction"/>
  <testcase name="the_wallet_balance_and_free_point_are_deducted_by_x_amount_on_scifi_wallet" time="10.144" classname="Stepdef.Scifi_Transaction$scifi_Transaction"/>
  <testcase name="the_popbitch_wallet_balance_is_updated_same_as_scifi_and_free_point_remains_uneffected" time="17.951" classname="Stepdef.Scifi_Transaction$scifi_Transaction">
    <failure type="java.lang.AssertionError" message="expected:&amp;lt;50&amp;gt; but was:&amp;lt;until free&amp;gt;">
      <![CDATA[java.lang.AssertionError: expected:<50> but was:<until free>
at Stepdef.Scifi_Transaction$scifi_Transaction.the_popbitch_wallet_balance_is_updated_same_as_scifi_and_free_point_remains_uneffected(Scifi_Transaction.java:245)
... Removed 27 stack frames]]>
    </failure>
  </testcase> <!-- the_popbitch_wallet_balance_is_updated_same_as_scifi_and_free_point_remains_uneffected -->
  <testcase name="Reactions_wallet_balance_is_updated_and_free_point_remains_uneffected_as_on_scifi" time="14.23" classname="Stepdef.Scifi_Transaction$scifi_Transaction"/>
  <testcase name="cricketer_wallet_balance_is_updated_and_free_point_remains_unaffected_by_scifi" time="10.114" classname="Stepdef.Scifi_Transaction$scifi_Transaction">
    <failure type="java.lang.AssertionError" message="expected:&amp;lt;9.8&amp;gt; but was:&amp;lt;9.75&amp;gt;">
      <![CDATA[java.lang.AssertionError: expected:<9.8> but was:<9.75>
at Stepdef.Scifi_Transaction$scifi_Transaction.cricketer_wallet_balance_is_updated_and_free_point_remains_unaffected_by_scifi(Scifi_Transaction.java:353)
... Removed 29 stack frames]]>
    </failure>
  </testcase> <!-- cricketer_wallet_balance_is_updated_and_free_point_remains_unaffected_by_scifi -->
  <testcase name="cornwall_wallet_balance_remains_and_is_uneffected_according_to_scifi" time="10.389" classname="Stepdef.Scifi_Transaction$scifi_Transaction">
    <failure type="java.lang.AssertionError" message="expected:&amp;lt;9.8&amp;gt; but was:&amp;lt;9.75&amp;gt;">
      <![CDATA[java.lang.AssertionError: expected:<9.8> but was:<9.75>
at Stepdef.Scifi_Transaction$scifi_Transaction.cornwall_wallet_balance_remains_and_is_uneffected_according_to_scifi(Scifi_Transaction.java:418)
... Removed 29 stack frames]]>
    </failure>
  </testcase> <!-- cornwall_wallet_balance_remains_and_is_uneffected_according_to_scifi -->
  <testcase name="maidenhead_wallet_balance_remains_and_is_uneffected_by_scifi" time="13.97" classname="Stepdef.Scifi_Transaction$scifi_Transaction">
    <failure type="java.lang.AssertionError" message="expected:&amp;lt;9.8&amp;gt; but was:&amp;lt;9.75&amp;gt;">
      <![CDATA[java.lang.AssertionError: expected:<9.8> but was:<9.75>
at Stepdef.Scifi_Transaction$scifi_Transaction.maidenhead_wallet_balance_remains_and_is_uneffected_by_scifi(Scifi_Transaction.java:483)
... Removed 29 stack frames]]>
    </failure>
  </testcase> <!-- maidenhead_wallet_balance_remains_and_is_uneffected_by_scifi -->
  <testcase name="slough_wallet_balance_remains_and_is_uneffected_by_scifi" time="13.319" classname="Stepdef.Scifi_Transaction$scifi_Transaction">
    <failure type="java.lang.AssertionError" message="expected:&amp;lt;9.8&amp;gt; but was:&amp;lt;9.75&amp;gt;">
      <![CDATA[java.lang.AssertionError: expected:<9.8> but was:<9.75>
at Stepdef.Scifi_Transaction$scifi_Transaction.slough_wallet_balance_remains_and_is_uneffected_by_scifi(Scifi_Transaction.java:543)
... Removed 29 stack frames]]>
    </failure>
  </testcase> <!-- slough_wallet_balance_remains_and_is_uneffected_by_scifi -->
  <testcase name="windsor_wallet_balance_remains_and_is_uneffected_by_scifi" time="19.443" classname="Stepdef.Scifi_Transaction$scifi_Transaction">
    <failure type="java.lang.AssertionError" message="expected:&amp;lt;9.8&amp;gt; but was:&amp;lt;9.75&amp;gt;">
      <![CDATA[java.lang.AssertionError: expected:<9.8> but was:<9.75>
at Stepdef.Scifi_Transaction$scifi_Transaction.windsor_wallet_balance_remains_and_is_uneffected_by_scifi(Scifi_Transaction.java:603)
... Removed 29 stack frames]]>
    </failure>
  </testcase> <!-- windsor_wallet_balance_remains_and_is_uneffected_by_scifi -->
</testsuite> <!-- Chrome -->
