<html>
<head>
<title>TestNG:  Chrome</title>
<link href="../testng.css" rel="stylesheet" type="text/css" />
<link href="../my-testng.css" rel="stylesheet" type="text/css" />

<style type="text/css">
.log { display: none;} 
.stack-trace { display: none;} 
</style>
<script type="text/javascript">
<!--
function flip(e) {
  current = e.style.display;
  if (current == 'block') {
    e.style.display = 'none';
    return 0;
  }
  else {
    e.style.display = 'block';
    return 1;
  }
}

function toggleBox(szDivId, elem, msg1, msg2)
{
  var res = -1;  if (document.getElementById) {
    res = flip(document.getElementById(szDivId));
  }
  else if (document.all) {
    // this is the way old msie versions work
    res = flip(document.all[szDivId]);
  }
  if(elem) {
    if(res == 0) elem.innerHTML = msg1; else elem.innerHTML = msg2;
  }

}

function toggleAllBoxes() {
  if (document.getElementsByTagName) {
    d = document.getElementsByTagName('div');
    for (i = 0; i < d.length; i++) {
      if (d[i].className == 'log') {
        flip(d[i]);
      }
    }
  }
}

// -->
</script>

</head>
<body>
<h2 align='center'>Chrome</h2><table border='1' align="center">
<tr>
<td>Tests passed/Failed/Skipped:</td><td>9/7/0</td>
</tr><tr>
<td>Started on:</td><td>Tue Aug 13 13:14:26 BST 2019</td>
</tr>
<tr><td>Total time:</td><td>312 seconds (312492 ms)</td>
</tr><tr>
<td>Included groups:</td><td></td>
</tr><tr>
<td>Excluded groups:</td><td></td>
</tr>
</table><p/>
<small><i>(Hover the method name to see the test class name)</i></small><p/>
<table width='100%' border='1' class='invocation-failed'>
<tr><td colspan='4' align='center'><b>FAILED TESTS</b></td></tr>
<tr><td><b>Test method</b></td>
<td width="30%"><b>Exception</b></td>
<td width="10%"><b>Time (seconds)</b></td>
<td><b>Instance</b></td>
</tr>
<tr>
<td title='Stepdef.Scifi_Transaction$scifi_Transaction.cornwall_wallet_balance_remains_and_is_uneffected_according_to_scifi()'><b>cornwall_wallet_balance_remains_and_is_uneffected_according_to_scifi</b><br>Test class: Stepdef.Scifi_Transaction$scifi_Transaction</td>
<td><div><pre>java.lang.AssertionError: expected:&lt;9.8&gt; but was:&lt;9.75&gt;
	at Stepdef.Scifi_Transaction$scifi_Transaction.cornwall_wallet_balance_remains_and_is_uneffected_according_to_scifi(Scifi_Transaction.java:418)
... Removed 29 stack frames</pre></div><a href='#' onClick='toggleBox("stack-trace61426020", this, "Click to show all stack frames", "Click to hide stack frames")'>Click to show all stack frames</a>
<div class='stack-trace' id='stack-trace61426020'><pre>java.lang.AssertionError: expected:&lt;9.8&gt; but was:&lt;9.75&gt;
	at org.testng.AssertJUnit.fail(AssertJUnit.java:59)
	at org.testng.AssertJUnit.failNotEquals(AssertJUnit.java:364)
	at org.testng.AssertJUnit.assertEquals(AssertJUnit.java:80)
	at org.testng.AssertJUnit.assertEquals(AssertJUnit.java:88)
	at Stepdef.Scifi_Transaction$scifi_Transaction.cornwall_wallet_balance_remains_and_is_uneffected_according_to_scifi(Scifi_Transaction.java:418)
	at sun.reflect.NativeMethodAccessorImpl.invoke0(Native Method)
	at sun.reflect.NativeMethodAccessorImpl.invoke(NativeMethodAccessorImpl.java:62)
	at sun.reflect.DelegatingMethodAccessorImpl.invoke(DelegatingMethodAccessorImpl.java:43)
	at java.lang.reflect.Method.invoke(Method.java:498)
	at org.testng.internal.MethodInvocationHelper.invokeMethod(MethodInvocationHelper.java:124)
	at org.testng.internal.Invoker.invokeMethod(Invoker.java:583)
	at org.testng.internal.Invoker.invokeTestMethod(Invoker.java:719)
	at org.testng.internal.Invoker.invokeTestMethods(Invoker.java:989)
	at org.testng.internal.TestMethodWorker.invokeTestMethods(TestMethodWorker.java:125)
	at org.testng.internal.TestMethodWorker.run(TestMethodWorker.java:109)
	at org.testng.TestRunner.privateRun(TestRunner.java:648)
	at org.testng.TestRunner.run(TestRunner.java:505)
	at org.testng.SuiteRunner.runTest(SuiteRunner.java:455)
	at org.testng.SuiteRunner.runSequentially(SuiteRunner.java:450)
	at org.testng.SuiteRunner.privateRun(SuiteRunner.java:415)
	at org.testng.SuiteRunner.run(SuiteRunner.java:364)
	at org.testng.SuiteRunnerWorker.runSuite(SuiteRunnerWorker.java:52)
	at org.testng.SuiteRunnerWorker.run(SuiteRunnerWorker.java:84)
	at org.testng.TestNG.runSuitesSequentially(TestNG.java:1208)
	at org.testng.TestNG.runSuitesLocally(TestNG.java:1137)
	at org.testng.TestNG.runSuites(TestNG.java:1049)
	at org.testng.TestNG.run(TestNG.java:1017)
	at org.testng.remote.AbstractRemoteTestNG.run(AbstractRemoteTestNG.java:114)
	at org.testng.remote.RemoteTestNG.initAndRun(RemoteTestNG.java:251)
	at org.testng.remote.RemoteTestNG.main(RemoteTestNG.java:77)
</pre></div></td>
<td>10</td>
<td>Stepdef.Scifi_Transaction$scifi_Transaction@79be0360</td></tr>
<tr>
<td title='Stepdef.Scifi_Transaction$scifi_Transaction.cricketer_wallet_balance_is_updated_and_free_point_remains_unaffected_by_scifi()'><b>cricketer_wallet_balance_is_updated_and_free_point_remains_unaffected_by_scifi</b><br>Test class: Stepdef.Scifi_Transaction$scifi_Transaction</td>
<td><div><pre>java.lang.AssertionError: expected:&lt;9.8&gt; but was:&lt;9.75&gt;
	at Stepdef.Scifi_Transaction$scifi_Transaction.cricketer_wallet_balance_is_updated_and_free_point_remains_unaffected_by_scifi(Scifi_Transaction.java:353)
... Removed 29 stack frames</pre></div><a href='#' onClick='toggleBox("stack-trace1445424568", this, "Click to show all stack frames", "Click to hide stack frames")'>Click to show all stack frames</a>
<div class='stack-trace' id='stack-trace1445424568'><pre>java.lang.AssertionError: expected:&lt;9.8&gt; but was:&lt;9.75&gt;
	at org.testng.AssertJUnit.fail(AssertJUnit.java:59)
	at org.testng.AssertJUnit.failNotEquals(AssertJUnit.java:364)
	at org.testng.AssertJUnit.assertEquals(AssertJUnit.java:80)
	at org.testng.AssertJUnit.assertEquals(AssertJUnit.java:88)
	at Stepdef.Scifi_Transaction$scifi_Transaction.cricketer_wallet_balance_is_updated_and_free_point_remains_unaffected_by_scifi(Scifi_Transaction.java:353)
	at sun.reflect.NativeMethodAccessorImpl.invoke0(Native Method)
	at sun.reflect.NativeMethodAccessorImpl.invoke(NativeMethodAccessorImpl.java:62)
	at sun.reflect.DelegatingMethodAccessorImpl.invoke(DelegatingMethodAccessorImpl.java:43)
	at java.lang.reflect.Method.invoke(Method.java:498)
	at org.testng.internal.MethodInvocationHelper.invokeMethod(MethodInvocationHelper.java:124)
	at org.testng.internal.Invoker.invokeMethod(Invoker.java:583)
	at org.testng.internal.Invoker.invokeTestMethod(Invoker.java:719)
	at org.testng.internal.Invoker.invokeTestMethods(Invoker.java:989)
	at org.testng.internal.TestMethodWorker.invokeTestMethods(TestMethodWorker.java:125)
	at org.testng.internal.TestMethodWorker.run(TestMethodWorker.java:109)
	at org.testng.TestRunner.privateRun(TestRunner.java:648)
	at org.testng.TestRunner.run(TestRunner.java:505)
	at org.testng.SuiteRunner.runTest(SuiteRunner.java:455)
	at org.testng.SuiteRunner.runSequentially(SuiteRunner.java:450)
	at org.testng.SuiteRunner.privateRun(SuiteRunner.java:415)
	at org.testng.SuiteRunner.run(SuiteRunner.java:364)
	at org.testng.SuiteRunnerWorker.runSuite(SuiteRunnerWorker.java:52)
	at org.testng.SuiteRunnerWorker.run(SuiteRunnerWorker.java:84)
	at org.testng.TestNG.runSuitesSequentially(TestNG.java:1208)
	at org.testng.TestNG.runSuitesLocally(TestNG.java:1137)
	at org.testng.TestNG.runSuites(TestNG.java:1049)
	at org.testng.TestNG.run(TestNG.java:1017)
	at org.testng.remote.AbstractRemoteTestNG.run(AbstractRemoteTestNG.java:114)
	at org.testng.remote.RemoteTestNG.initAndRun(RemoteTestNG.java:251)
	at org.testng.remote.RemoteTestNG.main(RemoteTestNG.java:77)
</pre></div></td>
<td>10</td>
<td>Stepdef.Scifi_Transaction$scifi_Transaction@79be0360</td></tr>
<tr>
<td title='Stepdef.Scifi_Register.i_am_registered_as_an_agate_user_on_scifi_successfully_and_I_am_shown_a_first_use_notice()'><b>i_am_registered_as_an_agate_user_on_scifi_successfully_and_I_am_shown_a_first_use_notice</b><br>Test class: Stepdef.Scifi_Register</td>
<td><div><pre>java.lang.AssertionError: expected:&lt;0.25&gt; but was:&lt;0.0&gt;
	at Stepdef.Scifi_Register.i_am_registered_as_an_agate_user_on_scifi_successfully_and_I_am_shown_a_first_use_notice(Scifi_Register.java:239)
... Removed 29 stack frames</pre></div><a href='#' onClick='toggleBox("stack-trace790021811", this, "Click to show all stack frames", "Click to hide stack frames")'>Click to show all stack frames</a>
<div class='stack-trace' id='stack-trace790021811'><pre>java.lang.AssertionError: expected:&lt;0.25&gt; but was:&lt;0.0&gt;
	at org.testng.AssertJUnit.fail(AssertJUnit.java:59)
	at org.testng.AssertJUnit.failNotEquals(AssertJUnit.java:364)
	at org.testng.AssertJUnit.assertEquals(AssertJUnit.java:80)
	at org.testng.AssertJUnit.assertEquals(AssertJUnit.java:88)
	at Stepdef.Scifi_Register.i_am_registered_as_an_agate_user_on_scifi_successfully_and_I_am_shown_a_first_use_notice(Scifi_Register.java:239)
	at sun.reflect.NativeMethodAccessorImpl.invoke0(Native Method)
	at sun.reflect.NativeMethodAccessorImpl.invoke(NativeMethodAccessorImpl.java:62)
	at sun.reflect.DelegatingMethodAccessorImpl.invoke(DelegatingMethodAccessorImpl.java:43)
	at java.lang.reflect.Method.invoke(Method.java:498)
	at org.testng.internal.MethodInvocationHelper.invokeMethod(MethodInvocationHelper.java:124)
	at org.testng.internal.Invoker.invokeMethod(Invoker.java:583)
	at org.testng.internal.Invoker.invokeTestMethod(Invoker.java:719)
	at org.testng.internal.Invoker.invokeTestMethods(Invoker.java:989)
	at org.testng.internal.TestMethodWorker.invokeTestMethods(TestMethodWorker.java:125)
	at org.testng.internal.TestMethodWorker.run(TestMethodWorker.java:109)
	at org.testng.TestRunner.privateRun(TestRunner.java:648)
	at org.testng.TestRunner.run(TestRunner.java:505)
	at org.testng.SuiteRunner.runTest(SuiteRunner.java:455)
	at org.testng.SuiteRunner.runSequentially(SuiteRunner.java:450)
	at org.testng.SuiteRunner.privateRun(SuiteRunner.java:415)
	at org.testng.SuiteRunner.run(SuiteRunner.java:364)
	at org.testng.SuiteRunnerWorker.runSuite(SuiteRunnerWorker.java:52)
	at org.testng.SuiteRunnerWorker.run(SuiteRunnerWorker.java:84)
	at org.testng.TestNG.runSuitesSequentially(TestNG.java:1208)
	at org.testng.TestNG.runSuitesLocally(TestNG.java:1137)
	at org.testng.TestNG.runSuites(TestNG.java:1049)
	at org.testng.TestNG.run(TestNG.java:1017)
	at org.testng.remote.AbstractRemoteTestNG.run(AbstractRemoteTestNG.java:114)
	at org.testng.remote.RemoteTestNG.initAndRun(RemoteTestNG.java:251)
	at org.testng.remote.RemoteTestNG.main(RemoteTestNG.java:77)
</pre></div></td>
<td>50</td>
<td>Stepdef.Scifi_Register@6321e813</td></tr>
<tr>
<td title='Stepdef.Scifi_Transaction$scifi_Transaction.maidenhead_wallet_balance_remains_and_is_uneffected_by_scifi()'><b>maidenhead_wallet_balance_remains_and_is_uneffected_by_scifi</b><br>Test class: Stepdef.Scifi_Transaction$scifi_Transaction</td>
<td><div><pre>java.lang.AssertionError: expected:&lt;9.8&gt; but was:&lt;9.75&gt;
	at Stepdef.Scifi_Transaction$scifi_Transaction.maidenhead_wallet_balance_remains_and_is_uneffected_by_scifi(Scifi_Transaction.java:483)
... Removed 29 stack frames</pre></div><a href='#' onClick='toggleBox("stack-trace1523084197", this, "Click to show all stack frames", "Click to hide stack frames")'>Click to show all stack frames</a>
<div class='stack-trace' id='stack-trace1523084197'><pre>java.lang.AssertionError: expected:&lt;9.8&gt; but was:&lt;9.75&gt;
	at org.testng.AssertJUnit.fail(AssertJUnit.java:59)
	at org.testng.AssertJUnit.failNotEquals(AssertJUnit.java:364)
	at org.testng.AssertJUnit.assertEquals(AssertJUnit.java:80)
	at org.testng.AssertJUnit.assertEquals(AssertJUnit.java:88)
	at Stepdef.Scifi_Transaction$scifi_Transaction.maidenhead_wallet_balance_remains_and_is_uneffected_by_scifi(Scifi_Transaction.java:483)
	at sun.reflect.NativeMethodAccessorImpl.invoke0(Native Method)
	at sun.reflect.NativeMethodAccessorImpl.invoke(NativeMethodAccessorImpl.java:62)
	at sun.reflect.DelegatingMethodAccessorImpl.invoke(DelegatingMethodAccessorImpl.java:43)
	at java.lang.reflect.Method.invoke(Method.java:498)
	at org.testng.internal.MethodInvocationHelper.invokeMethod(MethodInvocationHelper.java:124)
	at org.testng.internal.Invoker.invokeMethod(Invoker.java:583)
	at org.testng.internal.Invoker.invokeTestMethod(Invoker.java:719)
	at org.testng.internal.Invoker.invokeTestMethods(Invoker.java:989)
	at org.testng.internal.TestMethodWorker.invokeTestMethods(TestMethodWorker.java:125)
	at org.testng.internal.TestMethodWorker.run(TestMethodWorker.java:109)
	at org.testng.TestRunner.privateRun(TestRunner.java:648)
	at org.testng.TestRunner.run(TestRunner.java:505)
	at org.testng.SuiteRunner.runTest(SuiteRunner.java:455)
	at org.testng.SuiteRunner.runSequentially(SuiteRunner.java:450)
	at org.testng.SuiteRunner.privateRun(SuiteRunner.java:415)
	at org.testng.SuiteRunner.run(SuiteRunner.java:364)
	at org.testng.SuiteRunnerWorker.runSuite(SuiteRunnerWorker.java:52)
	at org.testng.SuiteRunnerWorker.run(SuiteRunnerWorker.java:84)
	at org.testng.TestNG.runSuitesSequentially(TestNG.java:1208)
	at org.testng.TestNG.runSuitesLocally(TestNG.java:1137)
	at org.testng.TestNG.runSuites(TestNG.java:1049)
	at org.testng.TestNG.run(TestNG.java:1017)
	at org.testng.remote.AbstractRemoteTestNG.run(AbstractRemoteTestNG.java:114)
	at org.testng.remote.RemoteTestNG.initAndRun(RemoteTestNG.java:251)
	at org.testng.remote.RemoteTestNG.main(RemoteTestNG.java:77)
</pre></div></td>
<td>13</td>
<td>Stepdef.Scifi_Transaction$scifi_Transaction@79be0360</td></tr>
<tr>
<td title='Stepdef.Scifi_Transaction$scifi_Transaction.slough_wallet_balance_remains_and_is_uneffected_by_scifi()'><b>slough_wallet_balance_remains_and_is_uneffected_by_scifi</b><br>Test class: Stepdef.Scifi_Transaction$scifi_Transaction</td>
<td><div><pre>java.lang.AssertionError: expected:&lt;9.8&gt; but was:&lt;9.75&gt;
	at Stepdef.Scifi_Transaction$scifi_Transaction.slough_wallet_balance_remains_and_is_uneffected_by_scifi(Scifi_Transaction.java:543)
... Removed 29 stack frames</pre></div><a href='#' onClick='toggleBox("stack-trace88301993", this, "Click to show all stack frames", "Click to hide stack frames")'>Click to show all stack frames</a>
<div class='stack-trace' id='stack-trace88301993'><pre>java.lang.AssertionError: expected:&lt;9.8&gt; but was:&lt;9.75&gt;
	at org.testng.AssertJUnit.fail(AssertJUnit.java:59)
	at org.testng.AssertJUnit.failNotEquals(AssertJUnit.java:364)
	at org.testng.AssertJUnit.assertEquals(AssertJUnit.java:80)
	at org.testng.AssertJUnit.assertEquals(AssertJUnit.java:88)
	at Stepdef.Scifi_Transaction$scifi_Transaction.slough_wallet_balance_remains_and_is_uneffected_by_scifi(Scifi_Transaction.java:543)
	at sun.reflect.NativeMethodAccessorImpl.invoke0(Native Method)
	at sun.reflect.NativeMethodAccessorImpl.invoke(NativeMethodAccessorImpl.java:62)
	at sun.reflect.DelegatingMethodAccessorImpl.invoke(DelegatingMethodAccessorImpl.java:43)
	at java.lang.reflect.Method.invoke(Method.java:498)
	at org.testng.internal.MethodInvocationHelper.invokeMethod(MethodInvocationHelper.java:124)
	at org.testng.internal.Invoker.invokeMethod(Invoker.java:583)
	at org.testng.internal.Invoker.invokeTestMethod(Invoker.java:719)
	at org.testng.internal.Invoker.invokeTestMethods(Invoker.java:989)
	at org.testng.internal.TestMethodWorker.invokeTestMethods(TestMethodWorker.java:125)
	at org.testng.internal.TestMethodWorker.run(TestMethodWorker.java:109)
	at org.testng.TestRunner.privateRun(TestRunner.java:648)
	at org.testng.TestRunner.run(TestRunner.java:505)
	at org.testng.SuiteRunner.runTest(SuiteRunner.java:455)
	at org.testng.SuiteRunner.runSequentially(SuiteRunner.java:450)
	at org.testng.SuiteRunner.privateRun(SuiteRunner.java:415)
	at org.testng.SuiteRunner.run(SuiteRunner.java:364)
	at org.testng.SuiteRunnerWorker.runSuite(SuiteRunnerWorker.java:52)
	at org.testng.SuiteRunnerWorker.run(SuiteRunnerWorker.java:84)
	at org.testng.TestNG.runSuitesSequentially(TestNG.java:1208)
	at org.testng.TestNG.runSuitesLocally(TestNG.java:1137)
	at org.testng.TestNG.runSuites(TestNG.java:1049)
	at org.testng.TestNG.run(TestNG.java:1017)
	at org.testng.remote.AbstractRemoteTestNG.run(AbstractRemoteTestNG.java:114)
	at org.testng.remote.RemoteTestNG.initAndRun(RemoteTestNG.java:251)
	at org.testng.remote.RemoteTestNG.main(RemoteTestNG.java:77)
</pre></div></td>
<td>13</td>
<td>Stepdef.Scifi_Transaction$scifi_Transaction@79be0360</td></tr>
<tr>
<td title='Stepdef.Scifi_Transaction$scifi_Transaction.the_popbitch_wallet_balance_is_updated_same_as_scifi_and_free_point_remains_uneffected()'><b>the_popbitch_wallet_balance_is_updated_same_as_scifi_and_free_point_remains_uneffected</b><br>Test class: Stepdef.Scifi_Transaction$scifi_Transaction</td>
<td><div><pre>java.lang.AssertionError: expected:&lt;50&gt; but was:&lt;until free&gt;
	at Stepdef.Scifi_Transaction$scifi_Transaction.the_popbitch_wallet_balance_is_updated_same_as_scifi_and_free_point_remains_uneffected(Scifi_Transaction.java:245)
... Removed 27 stack frames</pre></div><a href='#' onClick='toggleBox("stack-trace1037163664", this, "Click to show all stack frames", "Click to hide stack frames")'>Click to show all stack frames</a>
<div class='stack-trace' id='stack-trace1037163664'><pre>java.lang.AssertionError: expected:&lt;50&gt; but was:&lt;until free&gt;
	at org.testng.AssertJUnit.assertEquals(AssertJUnit.java:101)
	at org.testng.AssertJUnit.assertEquals(AssertJUnit.java:108)
	at Stepdef.Scifi_Transaction$scifi_Transaction.the_popbitch_wallet_balance_is_updated_same_as_scifi_and_free_point_remains_uneffected(Scifi_Transaction.java:245)
	at sun.reflect.NativeMethodAccessorImpl.invoke0(Native Method)
	at sun.reflect.NativeMethodAccessorImpl.invoke(NativeMethodAccessorImpl.java:62)
	at sun.reflect.DelegatingMethodAccessorImpl.invoke(DelegatingMethodAccessorImpl.java:43)
	at java.lang.reflect.Method.invoke(Method.java:498)
	at org.testng.internal.MethodInvocationHelper.invokeMethod(MethodInvocationHelper.java:124)
	at org.testng.internal.Invoker.invokeMethod(Invoker.java:583)
	at org.testng.internal.Invoker.invokeTestMethod(Invoker.java:719)
	at org.testng.internal.Invoker.invokeTestMethods(Invoker.java:989)
	at org.testng.internal.TestMethodWorker.invokeTestMethods(TestMethodWorker.java:125)
	at org.testng.internal.TestMethodWorker.run(TestMethodWorker.java:109)
	at org.testng.TestRunner.privateRun(TestRunner.java:648)
	at org.testng.TestRunner.run(TestRunner.java:505)
	at org.testng.SuiteRunner.runTest(SuiteRunner.java:455)
	at org.testng.SuiteRunner.runSequentially(SuiteRunner.java:450)
	at org.testng.SuiteRunner.privateRun(SuiteRunner.java:415)
	at org.testng.SuiteRunner.run(SuiteRunner.java:364)
	at org.testng.SuiteRunnerWorker.runSuite(SuiteRunnerWorker.java:52)
	at org.testng.SuiteRunnerWorker.run(SuiteRunnerWorker.java:84)
	at org.testng.TestNG.runSuitesSequentially(TestNG.java:1208)
	at org.testng.TestNG.runSuitesLocally(TestNG.java:1137)
	at org.testng.TestNG.runSuites(TestNG.java:1049)
	at org.testng.TestNG.run(TestNG.java:1017)
	at org.testng.remote.AbstractRemoteTestNG.run(AbstractRemoteTestNG.java:114)
	at org.testng.remote.RemoteTestNG.initAndRun(RemoteTestNG.java:251)
	at org.testng.remote.RemoteTestNG.main(RemoteTestNG.java:77)
</pre></div></td>
<td>17</td>
<td>Stepdef.Scifi_Transaction$scifi_Transaction@79be0360</td></tr>
<tr>
<td title='Stepdef.Scifi_Transaction$scifi_Transaction.windsor_wallet_balance_remains_and_is_uneffected_by_scifi()'><b>windsor_wallet_balance_remains_and_is_uneffected_by_scifi</b><br>Test class: Stepdef.Scifi_Transaction$scifi_Transaction</td>
<td><div><pre>java.lang.AssertionError: expected:&lt;9.8&gt; but was:&lt;9.75&gt;
	at Stepdef.Scifi_Transaction$scifi_Transaction.windsor_wallet_balance_remains_and_is_uneffected_by_scifi(Scifi_Transaction.java:603)
... Removed 29 stack frames</pre></div><a href='#' onClick='toggleBox("stack-trace454160179", this, "Click to show all stack frames", "Click to hide stack frames")'>Click to show all stack frames</a>
<div class='stack-trace' id='stack-trace454160179'><pre>java.lang.AssertionError: expected:&lt;9.8&gt; but was:&lt;9.75&gt;
	at org.testng.AssertJUnit.fail(AssertJUnit.java:59)
	at org.testng.AssertJUnit.failNotEquals(AssertJUnit.java:364)
	at org.testng.AssertJUnit.assertEquals(AssertJUnit.java:80)
	at org.testng.AssertJUnit.assertEquals(AssertJUnit.java:88)
	at Stepdef.Scifi_Transaction$scifi_Transaction.windsor_wallet_balance_remains_and_is_uneffected_by_scifi(Scifi_Transaction.java:603)
	at sun.reflect.NativeMethodAccessorImpl.invoke0(Native Method)
	at sun.reflect.NativeMethodAccessorImpl.invoke(NativeMethodAccessorImpl.java:62)
	at sun.reflect.DelegatingMethodAccessorImpl.invoke(DelegatingMethodAccessorImpl.java:43)
	at java.lang.reflect.Method.invoke(Method.java:498)
	at org.testng.internal.MethodInvocationHelper.invokeMethod(MethodInvocationHelper.java:124)
	at org.testng.internal.Invoker.invokeMethod(Invoker.java:583)
	at org.testng.internal.Invoker.invokeTestMethod(Invoker.java:719)
	at org.testng.internal.Invoker.invokeTestMethods(Invoker.java:989)
	at org.testng.internal.TestMethodWorker.invokeTestMethods(TestMethodWorker.java:125)
	at org.testng.internal.TestMethodWorker.run(TestMethodWorker.java:109)
	at org.testng.TestRunner.privateRun(TestRunner.java:648)
	at org.testng.TestRunner.run(TestRunner.java:505)
	at org.testng.SuiteRunner.runTest(SuiteRunner.java:455)
	at org.testng.SuiteRunner.runSequentially(SuiteRunner.java:450)
	at org.testng.SuiteRunner.privateRun(SuiteRunner.java:415)
	at org.testng.SuiteRunner.run(SuiteRunner.java:364)
	at org.testng.SuiteRunnerWorker.runSuite(SuiteRunnerWorker.java:52)
	at org.testng.SuiteRunnerWorker.run(SuiteRunnerWorker.java:84)
	at org.testng.TestNG.runSuitesSequentially(TestNG.java:1208)
	at org.testng.TestNG.runSuitesLocally(TestNG.java:1137)
	at org.testng.TestNG.runSuites(TestNG.java:1049)
	at org.testng.TestNG.run(TestNG.java:1017)
	at org.testng.remote.AbstractRemoteTestNG.run(AbstractRemoteTestNG.java:114)
	at org.testng.remote.RemoteTestNG.initAndRun(RemoteTestNG.java:251)
	at org.testng.remote.RemoteTestNG.main(RemoteTestNG.java:77)
</pre></div></td>
<td>19</td>
<td>Stepdef.Scifi_Transaction$scifi_Transaction@79be0360</td></tr>
</table><p>
<table width='100%' border='1' class='invocation-passed'>
<tr><td colspan='4' align='center'><b>PASSED TESTS</b></td></tr>
<tr><td><b>Test method</b></td>
<td width="30%"><b>Exception</b></td>
<td width="10%"><b>Time (seconds)</b></td>
<td><b>Instance</b></td>
</tr>
<tr>
<td title='Stepdef.Scifi_Transaction$scifi_Transaction.Reactions_wallet_balance_is_updated_and_free_point_remains_uneffected_as_on_scifi()'><b>Reactions_wallet_balance_is_updated_and_free_point_remains_uneffected_as_on_scifi</b><br>Test class: Stepdef.Scifi_Transaction$scifi_Transaction</td>
<td></td>
<td>14</td>
<td>Stepdef.Scifi_Transaction$scifi_Transaction@79be0360</td></tr>
<tr>
<td title='Stepdef.Scifi_Transaction$scifi_Transaction.i_am_a_registered_Agate_User_and_I_login_in_to_scifi()'><b>i_am_a_registered_Agate_User_and_I_login_in_to_scifi</b><br>Test class: Stepdef.Scifi_Transaction$scifi_Transaction<br>Parameters: Chrome</td>
<td></td>
<td>48</td>
<td>Stepdef.Scifi_Transaction$scifi_Transaction@79be0360</td></tr>
<tr>
<td title='Stepdef.Scifi_Register.i_am_not_a_user_of_agate_on_Scifi_and_I_open_a_browser()'><b>i_am_not_a_user_of_agate_on_Scifi_and_I_open_a_browser</b><br>Test class: Stepdef.Scifi_Register<br>Parameters: Chrome</td>
<td></td>
<td>1</td>
<td>Stepdef.Scifi_Register@6321e813</td></tr>
<tr>
<td title='Stepdef.Scifi_Register.i_click_on_the_create_wallet_button_on_scifi()'><b>i_click_on_the_create_wallet_button_on_scifi</b><br>Test class: Stepdef.Scifi_Register</td>
<td></td>
<td>19</td>
<td>Stepdef.Scifi_Register@6321e813</td></tr>
<tr>
<td title='Stepdef.Scifi_Register.i_enter_all_the_details_successfully_on_reg_page_on_scifi()'><b>i_enter_all_the_details_successfully_on_reg_page_on_scifi</b><br>Test class: Stepdef.Scifi_Register</td>
<td></td>
<td>47</td>
<td>Stepdef.Scifi_Register@6321e813</td></tr>
<tr>
<td title='Stepdef.Scifi_Register.i_navigate_to_a_premium_article_on_Scifi()'><b>i_navigate_to_a_premium_article_on_Scifi</b><br>Test class: Stepdef.Scifi_Register</td>
<td></td>
<td>11</td>
<td>Stepdef.Scifi_Register@6321e813</td></tr>
<tr>
<td title='Stepdef.Scifi_Transaction$scifi_Transaction.i_read_a_premium_article_on_scifi()'><b>i_read_a_premium_article_on_scifi</b><br>Test class: Stepdef.Scifi_Transaction$scifi_Transaction</td>
<td></td>
<td>12</td>
<td>Stepdef.Scifi_Transaction$scifi_Transaction@79be0360</td></tr>
<tr>
<td title='Stepdef.Scifi_Register.i_verify_that_the_create_wallet_button_takes_me_to_the_reg_page_on_scifi()'><b>i_verify_that_the_create_wallet_button_takes_me_to_the_reg_page_on_scifi</b><br>Test class: Stepdef.Scifi_Register</td>
<td></td>
<td>12</td>
<td>Stepdef.Scifi_Register@6321e813</td></tr>
<tr>
<td title='Stepdef.Scifi_Transaction$scifi_Transaction.the_wallet_balance_and_free_point_are_deducted_by_x_amount_on_scifi_wallet()'><b>the_wallet_balance_and_free_point_are_deducted_by_x_amount_on_scifi_wallet</b><br>Test class: Stepdef.Scifi_Transaction$scifi_Transaction</td>
<td></td>
<td>10</td>
<td>Stepdef.Scifi_Transaction$scifi_Transaction@79be0360</td></tr>
</table><p>
</body>
</html>