<?xml version="1.0" encoding="UTF-8"?>
<!-- Generated by org.testng.reporters.JUnitXMLReporter -->
<testsuite hostname="Jayarees-MacBook-Pro.local" ignored="0" name="Chrome" tests="21" failures="3" timestamp="12 Aug 2019 09:44:54 GMT" time="351.644" errors="0">
  <testcase name="i_am_not_a_user_of_Agate_I_open_a_browser" time="2.169" classname="Stepdef.Popbitch_register_First_Use_notice"/>
  <testcase name="i_navigate_to_popbitch_com_from_the_browser" time="5.702" classname="Stepdef.Popbitch_register_First_Use_notice"/>
  <testcase name="i_click_on_the_create_agate_wallet_from_the_first_use_notice" time="11.171" classname="Stepdef.Popbitch_register_First_Use_notice"/>
  <testcase name="i_verify_that_the_create_wallet_button_navigates_me_to_the_sign_up_page" time="32.864" classname="Stepdef.Popbitch_register_First_Use_notice"/>
  <testcase name="i_enter_the_correct_details_and_hit_the_Register_button" time="41.363" classname="Stepdef.Popbitch_register_First_Use_notice"/>
  <testcase name="i_login_successfully" time="5.025" classname="Stepdef.Popbitch_register_First_Use_notice"/>
  <testcase name="finish_Notice_appears" time="24.643" classname="Stepdef.Popbitch_register_First_Use_notice"/>
  <testcase name="finish_notice_elements_are_displayed" time="37.941" classname="Stepdef.Popbitch_register_First_Use_notice"/>
  <testcase name="i_am_a_registered_user_I_open_the_browser" time="0.871" classname="Stepdef.Popbitch_login_First_Use_Notice"/>
  <testcase name="i_navigate_to_popbitch_com" time="5.568" classname="Stepdef.Popbitch_login_First_Use_Notice"/>
  <testcase name="i_Click_on_Login_to_Agate_from_the_Pop_Bitch_First_use_notice" time="20.176" classname="Stepdef.Popbitch_login_First_Use_Notice"/>
  <testcase name="i_verify_that_the_Login_Button_Navigates_me_to_the_login_page" time="10.443" classname="Stepdef.Popbitch_login_First_Use_Notice"/>
  <testcase name="i_Login_with_correct_Details" time="7.757" classname="Stepdef.Popbitch_login_First_Use_Notice"/>
  <testcase name="i_verify_that_I_am_navigated_to_the_full_article" time="40.812" classname="Stepdef.Popbitch_login_First_Use_Notice"/>
  <testcase name="i_am_a_registered_Agate_User_and_I_login_in_to_popbitch_staging_with_username_as_and_password_as" time="52.63" classname="Stepdef.popbitch_transaction"/>
  <testcase name="i_read_a_premium_article" time="12.655" classname="Stepdef.popbitch_transaction"/>
  <testcase name="the_wallet_balance_and_free_point_are_deducted_by_p" time="10.14" classname="Stepdef.popbitch_transaction"/>
  <testcase name="the_New_European_wallet_balance_is_updated_same_as_popbitch_and_free_point_remains_uneffected" time="0.001" classname="Stepdef.popbitch_transaction"/>
  <testcase name="reactions_wallet_balance_is_updated_and_free_point_remains_uneffected" time="10.142" classname="Stepdef.popbitch_transaction">
    <failure type="java.lang.AssertionError" message="expected:&amp;lt;1.5&amp;gt; but was:&amp;lt;1.2&amp;gt;">
      <![CDATA[java.lang.AssertionError: expected:<1.5> but was:<1.2>
at Stepdef.popbitch_transaction.reactions_wallet_balance_is_updated_and_free_point_remains_uneffected(popbitch_transaction.java:231)
... Removed 29 stack frames]]>
    </failure>
  </testcase> <!-- reactions_wallet_balance_is_updated_and_free_point_remains_uneffected -->
  <testcase name="Cornwall_wallet_balance_is_updated_and_free_point_remains_uneffected" time="9.884" classname="Stepdef.popbitch_transaction">
    <failure type="java.lang.AssertionError" message="expected:&amp;lt;1.5&amp;gt; but was:&amp;lt;1.0&amp;gt;">
      <![CDATA[java.lang.AssertionError: expected:<1.5> but was:<1.0>
at Stepdef.popbitch_transaction.Cornwall_wallet_balance_is_updated_and_free_point_remains_uneffected(popbitch_transaction.java:296)
... Removed 29 stack frames]]>
    </failure>
  </testcase> <!-- Cornwall_wallet_balance_is_updated_and_free_point_remains_uneffected -->
  <testcase name="cricketer_wallet_balance_remains_and_is_uneffected" time="9.631" classname="Stepdef.popbitch_transaction">
    <failure type="java.lang.AssertionError" message="expected:&amp;lt;1.5&amp;gt; but was:&amp;lt;0.7&amp;gt;">
      <![CDATA[java.lang.AssertionError: expected:<1.5> but was:<0.7>
at Stepdef.popbitch_transaction.cricketer_wallet_balance_remains_and_is_uneffected(popbitch_transaction.java:374)
... Removed 29 stack frames]]>
    </failure>
  </testcase> <!-- cricketer_wallet_balance_remains_and_is_uneffected -->
</testsuite> <!-- Chrome -->
